<?xml version="1.0" encoding="UTF-8"?>
<!-- Generated by org.testng.reporters.JUnitXMLReporter -->
<testsuite hostname="SIPLLT1295" name="Default test" tests="5" failures="0" timestamp="13 Feb 2017 09:03:44 GMT" time="0.029" errors="0">
  <testcase name="doTest1" time="0.008" classname="org.demo.Sample"/>
  <testcase name="doTest2" time="0.0" classname="org.demo.Sample"/>
  <testcase name="doTest3" time="0.0" classname="org.demo.Sample"/>
  <testcase name="doTest4" time="0.0" classname="org.demo.Sample"/>
  <testcase name="doTest5" time="0.001" classname="org.demo.Sample"/>
</testsuite> <!-- Default test -->
