<?xml version="1.0" encoding="UTF-8"?>
<testng-results skipped="0" failed="0" total="5" passed="5">
  <reporter-output>
  </reporter-output>
  <suite name="Default suite" duration-ms="29" started-at="2017-02-13T09:03:44Z" finished-at="2017-02-13T09:03:44Z">
    <groups>
    </groups>
    <test name="Default test" duration-ms="29" started-at="2017-02-13T09:03:44Z" finished-at="2017-02-13T09:03:44Z">
      <class name="org.demo.Sample">
        <test-method status="PASS" signature="doTest1()[pri:0, instance:org.demo.Sample@42f30e0a]" name="doTest1" duration-ms="8" started-at="2017-02-13T14:33:44Z" finished-at="2017-02-13T14:33:44Z">
          <reporter-output>
          </reporter-output>
        </test-method> <!-- doTest1 -->
        <test-method status="PASS" signature="doTest2()[pri:0, instance:org.demo.Sample@42f30e0a]" name="doTest2" duration-ms="0" started-at="2017-02-13T14:33:44Z" finished-at="2017-02-13T14:33:44Z">
          <reporter-output>
          </reporter-output>
        </test-method> <!-- doTest2 -->
        <test-method status="PASS" signature="doTest3()[pri:0, instance:org.demo.Sample@42f30e0a]" name="doTest3" duration-ms="0" started-at="2017-02-13T14:33:44Z" finished-at="2017-02-13T14:33:44Z">
          <reporter-output>
          </reporter-output>
        </test-method> <!-- doTest3 -->
        <test-method status="PASS" signature="doTest4()[pri:0, instance:org.demo.Sample@42f30e0a]" name="doTest4" duration-ms="0" started-at="2017-02-13T14:33:44Z" finished-at="2017-02-13T14:33:44Z">
          <reporter-output>
          </reporter-output>
        </test-method> <!-- doTest4 -->
        <test-method status="PASS" signature="doTest5()[pri:0, instance:org.demo.Sample@42f30e0a]" name="doTest5" duration-ms="1" started-at="2017-02-13T14:33:44Z" finished-at="2017-02-13T14:33:44Z">
          <reporter-output>
          </reporter-output>
        </test-method> <!-- doTest5 -->
      </class> <!-- org.demo.Sample -->
    </test> <!-- Default test -->
  </suite> <!-- Default suite -->
</testng-results>
